<?xml version="1.0" encoding="UTF-8"?>
<!-- Generated by org.testng.reporters.JUnitReportReporter -->
<testsuite hostname="LAPTOP-00F8B7SL" failures="0" tests="1" name="com.actitime.testscript.CreateCustomer" time="36.253" errors="0" timestamp="2023-09-13T15:03:46 IST" skipped="0">
  <testcase classname="com.actitime.testscript.CreateCustomer" name="createCustomer" time="36.253">
    <system-out>
      <![CDATA[createcustomer
createCustomerhas got passed]]>
    </system-out>
  </testcase> <!-- createCustomer -->
  <system-out>
    <![CDATA[openbrowser
login
createcustomer
createCustomerhas got passed
logout
closebrowser]]>
  </system-out>
</testsuite> <!-- com.actitime.testscript.CreateCustomer -->
